<?xml version="1.0" encoding="UTF-8"?>
<testsuite xmlns:xsi="http://www.w3.org/2001/XMLSchema-instance" xsi:noNamespaceSchemaLocation="https://maven.apache.org/surefire/maven-surefire-plugin/xsd/surefire-test-report-3.0.xsd" version="3.0" name="com.testlang.generated.GeneratedTests" time="0.825" tests="4" errors="0" skipped="0" failures="0">
  <properties>
[...]
</properties>
  <testcase name="test_Login" classname="com.testlang.generated.GeneratedTests" time="0.308"/>
  <testcase name="test_GetUser" classname="com.testlang.generated.GeneratedTests" time="0.02"/>
  <testcase name="test_UpdateUser" classname="com.testlang.generated.GeneratedTests" time="0.018"/>
  <testcase name="test_DeleteUser" classname="com.testlang.generated.GeneratedTests" time="0.015"/>
</testsuite>